# JRE version: Java(TM) SE Runtime Environment (8.0_171-b11) (build 1.8.0_171-b11)
# Java VM: Java HotSpot(TM) 64-Bit Server VM (25.171-b11 mixed mode windows-amd64 compressed oops)
Heap:
 PSYoungGen      total 142848K, used 58071K [0x00000000e6700000, 0x00000000f0600000, 0x0000000100000000)
  eden space 130560K, 35% used [0x00000000e6700000,0x00000000e93ba370,0x00000000ee680000)
  from space 12288K, 99% used [0x00000000ef500000,0x00000000f00fb978,0x00000000f0100000)
  to   space 14848K, 0% used [0x00000000ee680000,0x00000000ee680000,0x00000000ef500000)
 ParOldGen       total 87552K, used 11813K [0x00000000b3400000, 0x00000000b8980000, 0x00000000e6700000)
  object space 87552K, 13% used [0x00000000b3400000,0x00000000b3f89420,0x00000000b8980000)
 Metaspace       used 18995K, capacity 19764K, committed 20096K, reserved 1067008K
  class space    used 2272K, capacity 2611K, committed 2688K, reserved 1048576K
GC Heap History (10 events):
Event: 0.608 GC heap before
{Heap before GC invocations=2 (full 0):
 PSYoungGen      total 38400K, used 36933K [0x00000000e6700000, 0x00000000e9180000, 0x0000000100000000)
  eden space 33280K, 100% used [0x00000000e6700000,0x00000000e8780000,0x00000000e8780000)
  from space 5120K, 71% used [0x00000000e8780000,0x00000000e8b116b0,0x00000000e8c80000)
  to   space 5120K, 0% used [0x00000000e8c80000,0x00000000e8c80000,0x00000000e9180000)
 ParOldGen       total 87552K, used 80K [0x00000000b3400000, 0x00000000b8980000, 0x00000000e6700000)
  object space 87552K, 0% used [0x00000000b3400000,0x00000000b3414010,0x00000000b8980000)
 Metaspace       used 10360K, capacity 10466K, committed 10496K, reserved 1058816K
  class space    used 1198K, capacity 1258K, committed 1280K, reserved 1048576K
Event: 0.610 GC heap after
Heap after GC invocations=2 (full 0):
 PSYoungGen      total 38400K, used 5088K [0x00000000e6700000, 0x00000000eb200000, 0x0000000100000000)
  eden space 33280K, 0% used [0x00000000e6700000,0x00000000e6700000,0x00000000e8780000)
  from space 5120K, 99% used [0x00000000e8c80000,0x00000000e9178350,0x00000000e9180000)
  to   space 5120K, 0% used [0x00000000e8780000,0x00000000e8780000,0x00000000e8c80000)
 ParOldGen       total 87552K, used 216K [0x00000000b3400000, 0x00000000b8980000, 0x00000000e6700000)
  object space 87552K, 0% used [0x00000000b3400000,0x00000000b3436010,0x00000000b8980000)
 Metaspace       used 10360K, capacity 10466K, committed 10496K, reserved 1058816K
  class space    used 1198K, capacity 1258K, committed 1280K, reserved 1048576K
}
Event: 0.692 GC heap before
{Heap before GC invocations=3 (full 0):
 PSYoungGen      total 38400K, used 38368K [0x00000000e6700000, 0x00000000eb200000, 0x0000000100000000)
  eden space 33280K, 100% used [0x00000000e6700000,0x00000000e8780000,0x00000000e8780000)
  from space 5120K, 99% used [0x00000000e8c80000,0x00000000e9178350,0x00000000e9180000)
  to   space 5120K, 0% used [0x00000000e8780000,0x00000000e8780000,0x00000000e8c80000)
 ParOldGen       total 87552K, used 216K [0x00000000b3400000, 0x00000000b8980000, 0x00000000e6700000)
  object space 87552K, 0% used [0x00000000b3400000,0x00000000b3436010,0x00000000b8980000)
 Metaspace       used 10408K, capacity 10594K, committed 10752K, reserved 1058816K
  class space    used 1198K, capacity 1258K, committed 1280K, reserved 1048576K
Event: 0.694 GC heap after
Heap after GC invocations=3 (full 0):
 PSYoungGen      total 38400K, used 5088K [0x00000000e6700000, 0x00000000eb200000, 0x0000000100000000)
  eden space 33280K, 0% used [0x00000000e6700000,0x00000000e6700000,0x00000000e8780000)
  from space 5120K, 99% used [0x00000000e8780000,0x00000000e8c78390,0x00000000e8c80000)
  to   space 5120K, 0% used [0x00000000ead00000,0x00000000ead00000,0x00000000eb200000)
 ParOldGen       total 87552K, used 2408K [0x00000000b3400000, 0x00000000b8980000, 0x00000000e6700000)
  object space 87552K, 2% used [0x00000000b3400000,0x00000000b365a1f0,0x00000000b8980000)
 Metaspace       used 10408K, capacity 10594K, committed 10752K, reserved 1058816K
  class space    used 1198K, capacity 1258K, committed 1280K, reserved 1048576K
}
Event: 0.772 GC heap before
{Heap before GC invocations=4 (full 0):
 PSYoungGen      total 38400K, used 38368K [0x00000000e6700000, 0x00000000eb200000, 0x0000000100000000)
  eden space 33280K, 100% used [0x00000000e6700000,0x00000000e8780000,0x00000000e8780000)
  from space 5120K, 99% used [0x00000000e8780000,0x00000000e8c78390,0x00000000e8c80000)
  to   space 5120K, 0% used [0x00000000ead00000,0x00000000ead00000,0x00000000eb200000)
 ParOldGen       total 87552K, used 2408K [0x00000000b3400000, 0x00000000b8980000, 0x00000000e6700000)
  object space 87552K, 2% used [0x00000000b3400000,0x00000000b365a1f0,0x00000000b8980000)
 Metaspace       used 10447K, capacity 10658K, committed 10752K, reserved 1058816K
  class space    used 1198K, capacity 1258K, committed 1280K, reserved 1048576K
Event: 0.775 GC heap after
Heap after GC invocations=4 (full 0):
 PSYoungGen      total 71680K, used 5088K [0x00000000e6700000, 0x00000000eb200000, 0x0000000100000000)
  eden space 66560K, 0% used [0x00000000e6700000,0x00000000e6700000,0x00000000ea800000)
  from space 5120K, 99% used [0x00000000ead00000,0x00000000eb1f8370,0x00000000eb200000)
  to   space 5120K, 0% used [0x00000000ea800000,0x00000000ea800000,0x00000000ead00000)
 ParOldGen       total 87552K, used 5449K [0x00000000b3400000, 0x00000000b8980000, 0x00000000e6700000)
  object space 87552K, 6% used [0x00000000b3400000,0x00000000b39524d0,0x00000000b8980000)
 Metaspace       used 10447K, capacity 10658K, committed 10752K, reserved 1058816K
  class space    used 1198K, capacity 1258K, committed 1280K, reserved 1048576K
}
Event: 1.063 GC heap before
{Heap before GC invocations=5 (full 0):
 PSYoungGen      total 71680K, used 71648K [0x00000000e6700000, 0x00000000eb200000, 0x0000000100000000)
  eden space 66560K, 100% used [0x00000000e6700000,0x00000000ea800000,0x00000000ea800000)
  from space 5120K, 99% used [0x00000000ead00000,0x00000000eb1f8370,0x00000000eb200000)
  to   space 5120K, 0% used [0x00000000ea800000,0x00000000ea800000,0x00000000ead00000)
 ParOldGen       total 87552K, used 5449K [0x00000000b3400000, 0x00000000b8980000, 0x00000000e6700000)
  object space 87552K, 6% used [0x00000000b3400000,0x00000000b39524d0,0x00000000b8980000)
 Metaspace       used 12950K, capacity 13206K, committed 13440K, reserved 1060864K
  class space    used 1517K, capacity 1598K, committed 1664K, reserved 1048576K
Event: 1.068 GC heap after
Heap after GC invocations=5 (full 0):
 PSYoungGen      total 71680K, used 5088K [0x00000000e6700000, 0x00000000f0100000, 0x0000000100000000)
  eden space 66560K, 0% used [0x00000000e6700000,0x00000000e6700000,0x00000000ea800000)
  from space 5120K, 99% used [0x00000000ea800000,0x00000000eacf8360,0x00000000ead00000)
  to   space 12288K, 0% used [0x00000000ef500000,0x00000000ef500000,0x00000000f0100000)
 ParOldGen       total 87552K, used 11325K [0x00000000b3400000, 0x00000000b8980000, 0x00000000e6700000)
  object space 87552K, 12% used [0x00000000b3400000,0x00000000b3f0f420,0x00000000b8980000)
 Metaspace       used 12950K, capacity 13206K, committed 13440K, reserved 1060864K
  class space    used 1517K, capacity 1598K, committed 1664K, reserved 1048576K
}
Event: 18.165 GC heap before
{Heap before GC invocations=6 (full 0):
 PSYoungGen      total 71680K, used 71648K [0x00000000e6700000, 0x00000000f0100000, 0x0000000100000000)
  eden space 66560K, 100% used [0x00000000e6700000,0x00000000ea800000,0x00000000ea800000)
  from space 5120K, 99% used [0x00000000ea800000,0x00000000eacf8360,0x00000000ead00000)
  to   space 12288K, 0% used [0x00000000ef500000,0x00000000ef500000,0x00000000f0100000)
 ParOldGen       total 87552K, used 11325K [0x00000000b3400000, 0x00000000b8980000, 0x00000000e6700000)
  object space 87552K, 12% used [0x00000000b3400000,0x00000000b3f0f420,0x00000000b8980000)
 Metaspace       used 18852K, capacity 19696K, committed 19840K, reserved 1067008K
  class space    used 2268K, capacity 2611K, committed 2688K, reserved 1048576K
Event: 18.181 GC heap after
Heap after GC invocations=6 (full 0):
 PSYoungGen      total 142848K, used 12270K [0x00000000e6700000, 0x00000000f0600000, 0x0000000100000000)
  eden space 130560K, 0% used [0x00000000e6700000,0x00000000e6700000,0x00000000ee680000)
  from space 12288K, 99% used [0x00000000ef500000,0x00000000f00fb978,0x00000000f0100000)
  to   space 14848K, 0% used [0x00000000ee680000,0x00000000ee680000,0x00000000ef500000)
 ParOldGen       total 87552K, used 11813K [0x00000000b3400000, 0x00000000b8980000, 0x00000000e6700000)
  object space 87552K, 13% used [0x00000000b3400000,0x00000000b3f89420,0x00000000b8980000)
 Metaspace       used 18852K, capacity 19696K, committed 19840K, reserved 1067008K
  class space    used 2268K, capacity 2611K, committed 2688K, reserved 1048576K
}

