# JRE version: Java(TM) SE Runtime Environment (8.0_191-b12) (build 1.8.0_191-b12)
# Java VM: Java HotSpot(TM) 64-Bit Server VM (25.191-b12 mixed mode windows-amd64 compressed oops)
Heap:
 PSYoungGen      total 136192K, used 35219K [0x00000000e6700000, 0x00000000f1800000, 0x0000000100000000)
  eden space 120832K, 16% used [0x00000000e6700000,0x00000000e7a64f38,0x00000000edd00000)
  from space 15360K, 100% used [0x00000000ee180000,0x00000000ef080000,0x00000000ef080000)
  to   space 30208K, 0% used [0x00000000efa80000,0x00000000efa80000,0x00000000f1800000)
 ParOldGen       total 107008K, used 55478K [0x00000000b3400000, 0x00000000b9c80000, 0x00000000e6700000)
  object space 107008K, 51% used [0x00000000b3400000,0x00000000b6a2da80,0x00000000b9c80000)
 Metaspace       used 22418K, capacity 23690K, committed 28160K, reserved 1073152K
  class space    used 2532K, capacity 2987K, committed 4608K, reserved 1048576K
GC Heap History (10 events):
Event: 935.476 GC heap before
{Heap before GC invocations=23 (full 2):
 PSYoungGen      total 172544K, used 160128K [0x00000000e6700000, 0x00000000f3680000, 0x0000000100000000)
  eden space 145920K, 100% used [0x00000000e6700000,0x00000000ef580000,0x00000000ef580000)
  from space 26624K, 53% used [0x00000000f1c80000,0x00000000f2a60000,0x00000000f3680000)
  to   space 33280K, 0% used [0x00000000ef580000,0x00000000ef580000,0x00000000f1600000)
 ParOldGen       total 107008K, used 55382K [0x00000000b3400000, 0x00000000b9c80000, 0x00000000e6700000)
  object space 107008K, 51% used [0x00000000b3400000,0x00000000b6a15a80,0x00000000b9c80000)
 Metaspace       used 22351K, capacity 23626K, committed 28160K, reserved 1073152K
  class space    used 2523K, capacity 2977K, committed 4608K, reserved 1048576K
Event: 935.512 GC heap after
Heap after GC invocations=23 (full 2):
 PSYoungGen      total 155648K, used 15168K [0x00000000e6700000, 0x00000000f2e00000, 0x0000000100000000)
  eden space 140288K, 0% used [0x00000000e6700000,0x00000000e6700000,0x00000000ef000000)
  from space 15360K, 98% used [0x00000000ef580000,0x00000000f0450000,0x00000000f0480000)
  to   space 31744K, 0% used [0x00000000f0f00000,0x00000000f0f00000,0x00000000f2e00000)
 ParOldGen       total 107008K, used 55382K [0x00000000b3400000, 0x00000000b9c80000, 0x00000000e6700000)
  object space 107008K, 51% used [0x00000000b3400000,0x00000000b6a15a80,0x00000000b9c80000)
 Metaspace       used 22351K, capacity 23626K, committed 28160K, reserved 1073152K
  class space    used 2523K, capacity 2977K, committed 4608K, reserved 1048576K
}
Event: 983.315 GC heap before
{Heap before GC invocations=24 (full 2):
 PSYoungGen      total 155648K, used 155456K [0x00000000e6700000, 0x00000000f2e00000, 0x0000000100000000)
  eden space 140288K, 100% used [0x00000000e6700000,0x00000000ef000000,0x00000000ef000000)
  from space 15360K, 98% used [0x00000000ef580000,0x00000000f0450000,0x00000000f0480000)
  to   space 31744K, 0% used [0x00000000f0f00000,0x00000000f0f00000,0x00000000f2e00000)
 ParOldGen       total 107008K, used 55382K [0x00000000b3400000, 0x00000000b9c80000, 0x00000000e6700000)
  object space 107008K, 51% used [0x00000000b3400000,0x00000000b6a15a80,0x00000000b9c80000)
 Metaspace       used 22355K, capacity 23634K, committed 28160K, reserved 1073152K
  class space    used 2525K, capacity 2979K, committed 4608K, reserved 1048576K
Event: 983.367 GC heap after
Heap after GC invocations=24 (full 2):
 PSYoungGen      total 163840K, used 23360K [0x00000000e6700000, 0x00000000f2b00000, 0x0000000100000000)
  eden space 135168K, 0% used [0x00000000e6700000,0x00000000e6700000,0x00000000eeb00000)
  from space 28672K, 81% used [0x00000000f0f00000,0x00000000f25d0000,0x00000000f2b00000)
  to   space 32768K, 0% used [0x00000000eeb00000,0x00000000eeb00000,0x00000000f0b00000)
 ParOldGen       total 107008K, used 55390K [0x00000000b3400000, 0x00000000b9c80000, 0x00000000e6700000)
  object space 107008K, 51% used [0x00000000b3400000,0x00000000b6a17a80,0x00000000b9c80000)
 Metaspace       used 22355K, capacity 23634K, committed 28160K, reserved 1073152K
  class space    used 2525K, capacity 2979K, committed 4608K, reserved 1048576K
}
Event: 1022.396 GC heap before
{Heap before GC invocations=25 (full 2):
 PSYoungGen      total 163840K, used 158528K [0x00000000e6700000, 0x00000000f2b00000, 0x0000000100000000)
  eden space 135168K, 100% used [0x00000000e6700000,0x00000000eeb00000,0x00000000eeb00000)
  from space 28672K, 81% used [0x00000000f0f00000,0x00000000f25d0000,0x00000000f2b00000)
  to   space 32768K, 0% used [0x00000000eeb00000,0x00000000eeb00000,0x00000000f0b00000)
 ParOldGen       total 107008K, used 55390K [0x00000000b3400000, 0x00000000b9c80000, 0x00000000e6700000)
  object space 107008K, 51% used [0x00000000b3400000,0x00000000b6a17a80,0x00000000b9c80000)
 Metaspace       used 22370K, capacity 23658K, committed 28160K, reserved 1073152K
  class space    used 2529K, capacity 2987K, committed 4608K, reserved 1048576K
Event: 1022.445 GC heap after
Heap after GC invocations=25 (full 2):
 PSYoungGen      total 149504K, used 19360K [0x00000000e6700000, 0x00000000f2500000, 0x0000000100000000)
  eden space 130048K, 0% used [0x00000000e6700000,0x00000000e6700000,0x00000000ee600000)
  from space 19456K, 99% used [0x00000000eeb00000,0x00000000efde8000,0x00000000efe00000)
  to   space 32256K, 0% used [0x00000000f0580000,0x00000000f0580000,0x00000000f2500000)
 ParOldGen       total 107008K, used 55398K [0x00000000b3400000, 0x00000000b9c80000, 0x00000000e6700000)
  object space 107008K, 51% used [0x00000000b3400000,0x00000000b6a19a80,0x00000000b9c80000)
 Metaspace       used 22370K, capacity 23658K, committed 28160K, reserved 1073152K
  class space    used 2529K, capacity 2987K, committed 4608K, reserved 1048576K
}
Event: 1048.676 GC heap before
{Heap before GC invocations=26 (full 2):
 PSYoungGen      total 149504K, used 149408K [0x00000000e6700000, 0x00000000f2500000, 0x0000000100000000)
  eden space 130048K, 100% used [0x00000000e6700000,0x00000000ee600000,0x00000000ee600000)
  from space 19456K, 99% used [0x00000000eeb00000,0x00000000efde8000,0x00000000efe00000)
  to   space 32256K, 0% used [0x00000000f0580000,0x00000000f0580000,0x00000000f2500000)
 ParOldGen       total 107008K, used 55398K [0x00000000b3400000, 0x00000000b9c80000, 0x00000000e6700000)
  object space 107008K, 51% used [0x00000000b3400000,0x00000000b6a19a80,0x00000000b9c80000)
 Metaspace       used 22374K, capacity 23670K, committed 28160K, reserved 1073152K
  class space    used 2529K, capacity 2987K, committed 4608K, reserved 1048576K
Event: 1048.716 GC heap after
Heap after GC invocations=26 (full 2):
 PSYoungGen      total 151040K, used 13504K [0x00000000e6700000, 0x00000000f1e80000, 0x0000000100000000)
  eden space 125440K, 0% used [0x00000000e6700000,0x00000000e6700000,0x00000000ee180000)
  from space 25600K, 52% used [0x00000000f0580000,0x00000000f12b0000,0x00000000f1e80000)
  to   space 31232K, 0% used [0x00000000ee180000,0x00000000ee180000,0x00000000f0000000)
 ParOldGen       total 107008K, used 55406K [0x00000000b3400000, 0x00000000b9c80000, 0x00000000e6700000)
  object space 107008K, 51% used [0x00000000b3400000,0x00000000b6a1ba80,0x00000000b9c80000)
 Metaspace       used 22374K, capacity 23670K, committed 28160K, reserved 1073152K
  class space    used 2529K, capacity 2987K, committed 4608K, reserved 1048576K
}
Event: 1078.998 GC heap before
{Heap before GC invocations=27 (full 2):
 PSYoungGen      total 151040K, used 138944K [0x00000000e6700000, 0x00000000f1e80000, 0x0000000100000000)
  eden space 125440K, 100% used [0x00000000e6700000,0x00000000ee180000,0x00000000ee180000)
  from space 25600K, 52% used [0x00000000f0580000,0x00000000f12b0000,0x00000000f1e80000)
  to   space 31232K, 0% used [0x00000000ee180000,0x00000000ee180000,0x00000000f0000000)
 ParOldGen       total 107008K, used 55406K [0x00000000b3400000, 0x00000000b9c80000, 0x00000000e6700000)
  object space 107008K, 51% used [0x00000000b3400000,0x00000000b6a1ba80,0x00000000b9c80000)
 Metaspace       used 22384K, capacity 23690K, committed 28160K, reserved 1073152K
  class space    used 2529K, capacity 2987K, committed 4608K, reserved 1048576K
Event: 1079.027 GC heap after
Heap after GC invocations=27 (full 2):
 PSYoungGen      total 136192K, used 15360K [0x00000000e6700000, 0x00000000f1800000, 0x0000000100000000)
  eden space 120832K, 0% used [0x00000000e6700000,0x00000000e6700000,0x00000000edd00000)
  from space 15360K, 100% used [0x00000000ee180000,0x00000000ef080000,0x00000000ef080000)
  to   space 30208K, 0% used [0x00000000efa80000,0x00000000efa80000,0x00000000f1800000)
 ParOldGen       total 107008K, used 55478K [0x00000000b3400000, 0x00000000b9c80000, 0x00000000e6700000)
  object space 107008K, 51% used [0x00000000b3400000,0x00000000b6a2da80,0x00000000b9c80000)
 Metaspace       used 22384K, capacity 23690K, committed 28160K, reserved 1073152K
  class space    used 2529K, capacity 2987K, committed 4608K, reserved 1048576K
}

