# JRE version: Java(TM) SE Runtime Environment (8.0_171-b11) (build 1.8.0_171-b11)
# Java VM: Java HotSpot(TM) 64-Bit Server VM (25.171-b11 mixed mode windows-amd64 compressed oops)
Heap:
 PSYoungGen      total 343040K, used 334880K [0x00000000e6700000, 0x00000000ff600000, 0x0000000100000000)
  eden space 304640K, 97% used [0x00000000e6700000,0x00000000f88d8338,0x00000000f9080000)
  from space 38400K, 99% used [0x00000000fd080000,0x00000000ff5b0000,0x00000000ff600000)
  to   space 48640K, 0% used [0x00000000f9700000,0x00000000f9700000,0x00000000fc680000)
 ParOldGen       total 61952K, used 44433K [0x00000000b3400000, 0x00000000b7080000, 0x00000000e6700000)
  object space 61952K, 71% used [0x00000000b3400000,0x00000000b5f64408,0x00000000b7080000)
 Metaspace       used 23700K, capacity 25364K, committed 29184K, reserved 1073152K
  class space    used 2694K, capacity 3124K, committed 4608K, reserved 1048576K
GC Heap History (10 events):
Event: 16524.391 GC heap before
{Heap before GC invocations=12032 (full 28):
 PSYoungGen      total 337408K, used 329152K [0x00000000e6700000, 0x0000000100000000, 0x0000000100000000)
  eden space 302080K, 100% used [0x00000000e6700000,0x00000000f8e00000,0x00000000f8e00000)
  from space 35328K, 76% used [0x00000000f8e00000,0x00000000fa870000,0x00000000fb080000)
  to   space 37376K, 0% used [0x00000000fdb80000,0x00000000fdb80000,0x0000000100000000)
 ParOldGen       total 61952K, used 41817K [0x00000000b3400000, 0x00000000b7080000, 0x00000000e6700000)
  object space 61952K, 67% used [0x00000000b3400000,0x00000000b5cd6408,0x00000000b7080000)
 Metaspace       used 23624K, capacity 25182K, committed 28928K, reserved 1073152K
  class space    used 2683K, capacity 3109K, committed 4608K, reserved 1048576K
Event: 16524.444 GC heap after
Heap after GC invocations=12032 (full 28):
 PSYoungGen      total 379392K, used 26848K [0x00000000e6700000, 0x0000000100000000, 0x0000000100000000)
  eden space 342016K, 0% used [0x00000000e6700000,0x00000000e6700000,0x00000000fb500000)
  from space 37376K, 71% used [0x00000000fdb80000,0x00000000ff5b8000,0x0000000100000000)
  to   space 38400K, 0% used [0x00000000fb500000,0x00000000fb500000,0x00000000fda80000)
 ParOldGen       total 61952K, used 42345K [0x00000000b3400000, 0x00000000b7080000, 0x00000000e6700000)
  object space 61952K, 68% used [0x00000000b3400000,0x00000000b5d5a408,0x00000000b7080000)
 Metaspace       used 23624K, capacity 25182K, committed 28928K, reserved 1073152K
  class space    used 2683K, capacity 3109K, committed 4608K, reserved 1048576K
}
Event: 16530.204 GC heap before
{Heap before GC invocations=12033 (full 28):
 PSYoungGen      total 379392K, used 368864K [0x00000000e6700000, 0x0000000100000000, 0x0000000100000000)
  eden space 342016K, 100% used [0x00000000e6700000,0x00000000fb500000,0x00000000fb500000)
  from space 37376K, 71% used [0x00000000fdb80000,0x00000000ff5b8000,0x0000000100000000)
  to   space 38400K, 0% used [0x00000000fb500000,0x00000000fb500000,0x00000000fda80000)
 ParOldGen       total 61952K, used 42345K [0x00000000b3400000, 0x00000000b7080000, 0x00000000e6700000)
  object space 61952K, 68% used [0x00000000b3400000,0x00000000b5d5a408,0x00000000b7080000)
 Metaspace       used 23638K, capacity 25214K, committed 28928K, reserved 1073152K
  class space    used 2687K, capacity 3117K, committed 4608K, reserved 1048576K
Event: 16530.258 GC heap after
Heap after GC invocations=12033 (full 28):
 PSYoungGen      total 372224K, used 30048K [0x00000000e6700000, 0x0000000100000000, 0x0000000100000000)
  eden space 342016K, 0% used [0x00000000e6700000,0x00000000e6700000,0x00000000fb500000)
  from space 30208K, 99% used [0x00000000fb500000,0x00000000fd258000,0x00000000fd280000)
  to   space 40448K, 0% used [0x00000000fd880000,0x00000000fd880000,0x0000000100000000)
 ParOldGen       total 61952K, used 43041K [0x00000000b3400000, 0x00000000b7080000, 0x00000000e6700000)
  object space 61952K, 69% used [0x00000000b3400000,0x00000000b5e08408,0x00000000b7080000)
 Metaspace       used 23638K, capacity 25214K, committed 28928K, reserved 1073152K
  class space    used 2687K, capacity 3117K, committed 4608K, reserved 1048576K
}
Event: 16536.156 GC heap before
{Heap before GC invocations=12034 (full 28):
 PSYoungGen      total 372224K, used 372064K [0x00000000e6700000, 0x0000000100000000, 0x0000000100000000)
  eden space 342016K, 100% used [0x00000000e6700000,0x00000000fb500000,0x00000000fb500000)
  from space 30208K, 99% used [0x00000000fb500000,0x00000000fd258000,0x00000000fd280000)
  to   space 40448K, 0% used [0x00000000fd880000,0x00000000fd880000,0x0000000100000000)
 ParOldGen       total 61952K, used 43041K [0x00000000b3400000, 0x00000000b7080000, 0x00000000e6700000)
  object space 61952K, 69% used [0x00000000b3400000,0x00000000b5e08408,0x00000000b7080000)
 Metaspace       used 23645K, capacity 25232K, committed 28928K, reserved 1073152K
  class space    used 2689K, capacity 3120K, committed 4608K, reserved 1048576K
Event: 16536.212 GC heap after
Heap after GC invocations=12034 (full 28):
 PSYoungGen      total 375296K, used 30720K [0x00000000e6700000, 0x0000000100000000, 0x0000000100000000)
  eden space 334848K, 0% used [0x00000000e6700000,0x00000000e6700000,0x00000000fae00000)
  from space 40448K, 75% used [0x00000000fd880000,0x00000000ff680000,0x0000000100000000)
  to   space 41984K, 0% used [0x00000000fae00000,0x00000000fae00000,0x00000000fd700000)
 ParOldGen       total 61952K, used 43489K [0x00000000b3400000, 0x00000000b7080000, 0x00000000e6700000)
  object space 61952K, 70% used [0x00000000b3400000,0x00000000b5e78408,0x00000000b7080000)
 Metaspace       used 23645K, capacity 25232K, committed 28928K, reserved 1073152K
  class space    used 2689K, capacity 3120K, committed 4608K, reserved 1048576K
}
Event: 16542.911 GC heap before
{Heap before GC invocations=12035 (full 28):
 PSYoungGen      total 375296K, used 365568K [0x00000000e6700000, 0x0000000100000000, 0x0000000100000000)
  eden space 334848K, 100% used [0x00000000e6700000,0x00000000fae00000,0x00000000fae00000)
  from space 40448K, 75% used [0x00000000fd880000,0x00000000ff680000,0x0000000100000000)
  to   space 41984K, 0% used [0x00000000fae00000,0x00000000fae00000,0x00000000fd700000)
 ParOldGen       total 61952K, used 43489K [0x00000000b3400000, 0x00000000b7080000, 0x00000000e6700000)
  object space 61952K, 70% used [0x00000000b3400000,0x00000000b5e78408,0x00000000b7080000)
 Metaspace       used 23659K, capacity 25282K, committed 28928K, reserved 1073152K
  class space    used 2690K, capacity 3123K, committed 4608K, reserved 1048576K
Event: 16542.969 GC heap after
Heap after GC invocations=12035 (full 28):
 PSYoungGen      total 354816K, used 35104K [0x00000000e6700000, 0x00000000ff700000, 0x0000000100000000)
  eden space 319488K, 0% used [0x00000000e6700000,0x00000000e6700000,0x00000000f9f00000)
  from space 35328K, 99% used [0x00000000fae00000,0x00000000fd048000,0x00000000fd080000)
  to   space 39424K, 0% used [0x00000000fd080000,0x00000000fd080000,0x00000000ff700000)
 ParOldGen       total 61952K, used 44033K [0x00000000b3400000, 0x00000000b7080000, 0x00000000e6700000)
  object space 61952K, 71% used [0x00000000b3400000,0x00000000b5f00408,0x00000000b7080000)
 Metaspace       used 23659K, capacity 25282K, committed 28928K, reserved 1073152K
  class space    used 2690K, capacity 3123K, committed 4608K, reserved 1048576K
}
Event: 16550.240 GC heap before
{Heap before GC invocations=12036 (full 28):
 PSYoungGen      total 354816K, used 354592K [0x00000000e6700000, 0x00000000ff700000, 0x0000000100000000)
  eden space 319488K, 100% used [0x00000000e6700000,0x00000000f9f00000,0x00000000f9f00000)
  from space 35328K, 99% used [0x00000000fae00000,0x00000000fd048000,0x00000000fd080000)
  to   space 39424K, 0% used [0x00000000fd080000,0x00000000fd080000,0x00000000ff700000)
 ParOldGen       total 61952K, used 44033K [0x00000000b3400000, 0x00000000b7080000, 0x00000000e6700000)
  object space 61952K, 71% used [0x00000000b3400000,0x00000000b5f00408,0x00000000b7080000)
 Metaspace       used 23661K, capacity 25290K, committed 28928K, reserved 1073152K
  class space    used 2690K, capacity 3123K, committed 4608K, reserved 1048576K
Event: 16550.305 GC heap after
Heap after GC invocations=12036 (full 28):
 PSYoungGen      total 343040K, used 38080K [0x00000000e6700000, 0x00000000ff600000, 0x0000000100000000)
  eden space 304640K, 0% used [0x00000000e6700000,0x00000000e6700000,0x00000000f9080000)
  from space 38400K, 99% used [0x00000000fd080000,0x00000000ff5b0000,0x00000000ff600000)
  to   space 48640K, 0% used [0x00000000f9700000,0x00000000f9700000,0x00000000fc680000)
 ParOldGen       total 61952K, used 44433K [0x00000000b3400000, 0x00000000b7080000, 0x00000000e6700000)
  object space 61952K, 71% used [0x00000000b3400000,0x00000000b5f64408,0x00000000b7080000)
 Metaspace       used 23661K, capacity 25290K, committed 28928K, reserved 1073152K
  class space    used 2690K, capacity 3123K, committed 4608K, reserved 1048576K
}

